[INFO ] 2022-11-27 20:58:19.059 [main] Steps - SetUp 1 log executed.........
[INFO ] 2022-11-27 20:58:19.114 [main] Steps - User Launch Chrome Browser.....
[INFO ] 2022-11-27 20:58:20.217 [main] Steps - Url Opened.........
[INFO ] 2022-11-27 20:58:20.556 [main] Steps - Entering Email Adress and Password.........
[INFO ] 2022-11-27 20:58:33.587 [main] Steps - Log in Button Click.........
[INFO ] 2022-11-27 20:58:36.607 [main] Steps - user can view dashboard test pass......
[INFO ] 2022-11-27 20:58:36.709 [main] Steps - User click on customers Menu Button......
[INFO ] 2022-11-27 20:58:54.997 [main] Steps - User Click on customers Menu Item Button......
[INFO ] 2022-11-27 20:59:19.685 [main] Steps - User Click on Add new button......
[INFO ] 2022-11-27 20:59:19.701 [main] Steps - User can view add new customers page pass......
[INFO ] 2022-11-27 20:59:20.903 [main] Steps - User enters customers info ......
[INFO ] 2022-11-27 20:59:29.309 [main] Steps - User enters customers info ......
[INFO ] 2022-11-27 20:59:29.424 [main] Steps - User can view confirmation message test pass......
[INFO ] 2022-11-27 20:59:29.631 [main] Steps - Browser Closed......
[INFO ] 2022-11-27 20:59:32.719 [main] Steps - SetUp 1 log executed.........
[INFO ] 2022-11-27 20:59:32.719 [main] Steps - User Launch Chrome Browser.....
[INFO ] 2022-11-27 20:59:38.482 [main] Steps - Url Opened.........
[INFO ] 2022-11-27 20:59:38.613 [main] Steps - Entering Email Adress and Password.........
[INFO ] 2022-11-27 21:00:03.431 [main] Steps - Log in Button Click.........
[INFO ] 2022-11-27 21:00:06.442 [main] Steps - Login Feature : Page Title Match......
[INFO ] 2022-11-27 21:00:14.823 [main] Steps - User Click on logout link......
[INFO ] 2022-11-27 21:00:14.828 [main] Steps - Login Feature : Page Title Match......
[INFO ] 2022-11-27 21:00:14.968 [main] Steps - Browser Closed......
[INFO ] 2022-11-27 23:44:49.704 [main] Steps - SetUp 1 log executed.........
[INFO ] 2022-11-27 23:44:49.766 [main] Steps - User Launch Chrome Browser.....
[INFO ] 2022-11-27 23:44:51.733 [main] Steps - Url Opened.........
[INFO ] 2022-11-27 23:44:52.078 [main] Steps - Entering Email Adress and Password.........
[INFO ] 2022-11-27 23:44:56.678 [main] Steps - Log in Button Click.........
[INFO ] 2022-11-27 23:44:59.692 [main] Steps - user can view dashboard test pass......
[INFO ] 2022-11-27 23:44:59.793 [main] Steps - User click on customers Menu Button......
[INFO ] 2022-11-27 23:45:04.639 [main] Steps - User Click on customers Menu Item Button......
[INFO ] 2022-11-27 23:45:13.930 [main] Steps - User Click on Add new button......
[INFO ] 2022-11-27 23:45:13.937 [main] Steps - User can view add new customers page pass......
[INFO ] 2022-11-27 23:45:15.057 [main] Steps - User enters customers info ......
[INFO ] 2022-11-27 23:45:20.503 [main] Steps - User enters customers info ......
[INFO ] 2022-11-27 23:45:20.779 [main] Steps - User can view confirmation message test pass......
[INFO ] 2022-11-27 23:45:21.152 [main] Steps - Browser Closed......
[INFO ] 2022-11-27 23:45:22.509 [main] Steps - SetUp 1 log executed.........
[INFO ] 2022-11-27 23:45:22.514 [main] Steps - User Launch Chrome Browser.....
[INFO ] 2022-11-27 23:45:24.513 [main] Steps - Url Opened.........
[INFO ] 2022-11-27 23:45:24.788 [main] Steps - Entering Email Adress and Password.........
[INFO ] 2022-11-27 23:45:28.774 [main] Steps - Log in Button Click.........
[INFO ] 2022-11-27 23:45:31.787 [main] Steps - Login Feature : Page Title Match......
[INFO ] 2022-11-27 23:45:33.523 [main] Steps - User Click on logout link......
[INFO ] 2022-11-27 23:45:33.533 [main] Steps - Login Feature : Page Title Match......
[INFO ] 2022-11-27 23:45:33.861 [main] Steps - Browser Closed......
[INFO ] 2022-11-28 10:58:36.702 [main] Steps - SetUp 1 log executed.........
[INFO ] 2022-11-28 10:58:36.764 [main] Steps - User Launch Chrome Browser.....
[INFO ] 2022-11-28 10:58:39.671 [main] Steps - Url Opened.........
[INFO ] 2022-11-28 10:58:40.171 [main] Steps - Entering Email Adress and Password.........
[INFO ] 2022-11-28 10:58:46.274 [main] Steps - Log in Button Click.........
[INFO ] 2022-11-28 10:58:49.524 [main] Steps - user can view dashboard test pass......
[INFO ] 2022-11-28 10:58:49.879 [main] Steps - User click on customers Menu Button......
[INFO ] 2022-11-28 10:58:55.939 [main] Steps - User Click on customers Menu Item Button......
[INFO ] 2022-11-28 10:59:04.284 [main] Steps - User Click on Add new button......
[INFO ] 2022-11-28 10:59:04.539 [main] Steps - User can view add new customers page pass......
[INFO ] 2022-11-28 10:59:05.833 [main] Steps - User enters customers info ......
[INFO ] 2022-11-28 10:59:11.748 [main] Steps - User enters customers info ......
[INFO ] 2022-11-28 10:59:12.313 [main] Steps - User can view confirmation message test pass......
[INFO ] 2022-11-28 10:59:12.858 [main] Steps - Browser Closed......
[INFO ] 2022-11-28 10:59:13.973 [main] Steps - SetUp 1 log executed.........
[INFO ] 2022-11-28 10:59:13.979 [main] Steps - User Launch Chrome Browser.....
[INFO ] 2022-11-28 10:59:16.131 [main] Steps - Url Opened.........
[INFO ] 2022-11-28 10:59:16.624 [main] Steps - Entering Email Adress and Password.........
[INFO ] 2022-11-28 10:59:23.439 [main] Steps - Log in Button Click.........
[INFO ] 2022-11-28 10:59:26.688 [main] Steps - Login Feature : Page Title Match......
[INFO ] 2022-11-28 10:59:29.675 [main] Steps - User Click on logout link......
[INFO ] 2022-11-28 10:59:29.879 [main] Steps - Login Feature : Page Title Match......
[INFO ] 2022-11-28 10:59:30.362 [main] Steps - Browser Closed......
[INFO ] 2022-11-28 11:00:35.367 [main] Steps - SetUp 1 log executed.........
[INFO ] 2022-11-28 11:00:35.437 [main] Steps - User Launch Chrome Browser.....
[INFO ] 2022-11-28 11:00:38.775 [main] Steps - Url Opened.........
[INFO ] 2022-11-28 11:00:39.310 [main] Steps - Entering Email Adress and Password.........
[INFO ] 2022-11-28 11:00:46.435 [main] Steps - Log in Button Click.........
[INFO ] 2022-11-28 11:00:49.727 [main] Steps - user can view dashboard test pass......
[INFO ] 2022-11-28 11:00:50.078 [main] Steps - User click on customers Menu Button......
[INFO ] 2022-11-28 11:00:55.882 [main] Steps - User Click on customers Menu Item Button......
[INFO ] 2022-11-28 11:01:03.882 [main] Steps - User Click on Add new button......
[INFO ] 2022-11-28 11:01:04.130 [main] Steps - User can view add new customers page pass......
[INFO ] 2022-11-28 11:01:05.561 [main] Steps - User enters customers info ......
[INFO ] 2022-11-28 11:01:11.068 [main] Steps - User enters customers info ......
[INFO ] 2022-11-28 11:01:11.611 [main] Steps - User can view confirmation message test pass......
[INFO ] 2022-11-28 11:01:12.229 [main] Steps - Browser Closed......
[INFO ] 2022-11-28 11:01:13.370 [main] Steps - SetUp 1 log executed.........
[INFO ] 2022-11-28 11:01:13.370 [main] Steps - User Launch Chrome Browser.....
[INFO ] 2022-11-28 11:01:15.314 [main] Steps - Url Opened.........
[INFO ] 2022-11-28 11:01:15.824 [main] Steps - Entering Email Adress and Password.........
[INFO ] 2022-11-28 11:01:20.639 [main] Steps - Log in Button Click.........
[INFO ] 2022-11-28 11:01:23.874 [main] Steps - Login Feature : Page Title Match......
[INFO ] 2022-11-28 11:01:26.310 [main] Steps - User Click on logout link......
[INFO ] 2022-11-28 11:01:26.503 [main] Steps - Login Feature : Page Title Match......
[INFO ] 2022-11-28 11:01:27.017 [main] Steps - Browser Closed......
[INFO ] 2022-11-28 11:11:21.763 [main] Steps - SetUp 1 log executed.........
[INFO ] 2022-11-28 11:11:21.829 [main] Steps - User Launch Chrome Browser.....
[INFO ] 2022-11-28 11:11:24.532 [main] Steps - Url Opened.........
[INFO ] 2022-11-28 11:11:24.898 [main] Steps - Entering Email Adress and Password.........
[INFO ] 2022-11-28 11:11:31.096 [main] Steps - Log in Button Click.........
[INFO ] 2022-11-28 11:11:34.112 [main] Steps - user can view dashboard test pass......
[INFO ] 2022-11-28 11:11:34.217 [main] Steps - User click on customers Menu Button......
[INFO ] 2022-11-28 11:11:39.090 [main] Steps - User Click on customers Menu Item Button......
[INFO ] 2022-11-28 11:11:47.446 [main] Steps - User Click on Add new button......
[INFO ] 2022-11-28 11:11:47.455 [main] Steps - User can view add new customers page pass......
[INFO ] 2022-11-28 11:11:48.641 [main] Steps - User enters customers info ......
[INFO ] 2022-11-28 11:11:53.766 [main] Steps - User enters customers info ......
[INFO ] 2022-11-28 11:11:54.035 [main] Steps - User can view confirmation message test pass......
[INFO ] 2022-11-28 11:11:54.409 [main] Steps - Browser Closed......
[INFO ] 2022-11-28 11:11:55.500 [main] Steps - SetUp 1 log executed.........
[INFO ] 2022-11-28 11:11:55.505 [main] Steps - User Launch Chrome Browser.....
[INFO ] 2022-11-28 11:11:57.290 [main] Steps - Url Opened.........
[INFO ] 2022-11-28 11:11:57.609 [main] Steps - Entering Email Adress and Password.........
[INFO ] 2022-11-28 11:12:03.954 [main] Steps - Log in Button Click.........
[INFO ] 2022-11-28 11:12:06.979 [main] Steps - Login Feature : Page Title Match......
[INFO ] 2022-11-28 11:12:08.652 [main] Steps - User Click on logout link......
[INFO ] 2022-11-28 11:12:08.660 [main] Steps - Login Feature : Page Title Match......
[INFO ] 2022-11-28 11:12:08.949 [main] Steps - Browser Closed......
[INFO ] 2022-11-28 11:13:01.155 [main] Steps - SetUp 1 log executed.........
[INFO ] 2022-11-28 11:13:01.222 [main] Steps - User Launch Chrome Browser.....
[INFO ] 2022-11-28 11:13:02.740 [main] Steps - Url Opened.........
[INFO ] 2022-11-28 11:13:03.035 [main] Steps - Entering Email Adress and Password.........
[INFO ] 2022-11-28 11:13:07.137 [main] Steps - Log in Button Click.........
[INFO ] 2022-11-28 11:13:10.154 [main] Steps - user can view dashboard test pass......
[INFO ] 2022-11-28 11:13:10.253 [main] Steps - User click on customers Menu Button......
[INFO ] 2022-11-28 11:13:15.102 [main] Steps - User Click on customers Menu Item Button......
[INFO ] 2022-11-28 11:13:23.199 [main] Steps - User Click on Add new button......
[INFO ] 2022-11-28 11:13:23.212 [main] Steps - User can view add new customers page pass......
[INFO ] 2022-11-28 11:13:24.270 [main] Steps - User enters customers info ......
[INFO ] 2022-11-28 11:13:29.822 [main] Steps - User enters customers info ......
[INFO ] 2022-11-28 11:13:30.075 [main] Steps - User can view confirmation message test pass......
[INFO ] 2022-11-28 11:13:30.390 [main] Steps - Browser Closed......
[INFO ] 2022-11-28 11:13:31.685 [main] Steps - SetUp 1 log executed.........
[INFO ] 2022-11-28 11:13:31.691 [main] Steps - User Launch Chrome Browser.....
[INFO ] 2022-11-28 11:13:33.601 [main] Steps - Url Opened.........
[INFO ] 2022-11-28 11:13:33.880 [main] Steps - Entering Email Adress and Password.........
[INFO ] 2022-11-28 11:13:40.339 [main] Steps - Log in Button Click.........
[INFO ] 2022-11-28 11:13:43.360 [main] Steps - user can view dashboard test pass......
[INFO ] 2022-11-28 11:13:43.470 [main] Steps - User click on customers Menu Button......
[INFO ] 2022-11-28 11:13:48.621 [main] Steps - User Click on customers Menu Item Button......
[INFO ] 2022-11-28 11:13:51.790 [main] Steps - Enter Customers Email......
[INFO ] 2022-11-28 11:14:14.683 [main] Steps - SetUp 1 log executed.........
[INFO ] 2022-11-28 11:14:14.683 [main] Steps - User Launch Chrome Browser.....
[INFO ] 2022-11-28 11:14:16.833 [main] Steps - Url Opened.........
[INFO ] 2022-11-28 11:14:17.112 [main] Steps - Entering Email Adress and Password.........
[INFO ] 2022-11-28 11:14:24.846 [main] Steps - Log in Button Click.........
[INFO ] 2022-11-28 11:14:27.862 [main] Steps - Login Feature : Page Title Match......
[INFO ] 2022-11-28 11:14:29.782 [main] Steps - User Click on logout link......
[INFO ] 2022-11-28 11:14:29.792 [main] Steps - Login Feature : Page Title Match......
[INFO ] 2022-11-28 11:14:30.067 [main] Steps - Browser Closed......
[INFO ] 2022-11-28 11:22:00.073 [main] Steps - SetUp 1 log executed.........
[INFO ] 2022-11-28 11:22:00.148 [main] Steps - User Launch Chrome Browser.....
[INFO ] 2022-11-28 11:22:01.551 [main] Steps - Url Opened.........
[INFO ] 2022-11-28 11:22:01.886 [main] Steps - Entering Email Adress and Password.........
[INFO ] 2022-11-28 11:22:07.590 [main] Steps - Log in Button Click.........
[INFO ] 2022-11-28 11:22:10.615 [main] Steps - user can view dashboard test pass......
[INFO ] 2022-11-28 11:22:10.721 [main] Steps - User click on customers Menu Button......
[INFO ] 2022-11-28 11:22:15.655 [main] Steps - User Click on customers Menu Item Button......
[INFO ] 2022-11-28 11:22:23.535 [main] Steps - User Click on Add new button......
[INFO ] 2022-11-28 11:22:23.545 [main] Steps - User can view add new customers page pass......
[INFO ] 2022-11-28 11:22:24.655 [main] Steps - User enters customers info ......
[INFO ] 2022-11-28 11:22:29.635 [main] Steps - User enters customers info ......
[INFO ] 2022-11-28 11:22:29.950 [main] Steps - User can view confirmation message test pass......
[INFO ] 2022-11-28 11:22:30.395 [main] Steps - Browser Closed......
[INFO ] 2022-11-28 11:22:32.075 [main] Steps - SetUp 1 log executed.........
[INFO ] 2022-11-28 11:22:32.080 [main] Steps - User Launch Chrome Browser.....
[INFO ] 2022-11-28 11:22:33.815 [main] Steps - Url Opened.........
[INFO ] 2022-11-28 11:22:34.170 [main] Steps - Entering Email Adress and Password.........
[INFO ] 2022-11-28 11:22:37.716 [main] Steps - Log in Button Click.........
[INFO ] 2022-11-28 11:22:40.742 [main] Steps - user can view dashboard test pass......
[INFO ] 2022-11-28 11:22:40.850 [main] Steps - User click on customers Menu Button......
[INFO ] 2022-11-28 11:22:45.655 [main] Steps - User Click on customers Menu Item Button......
[INFO ] 2022-11-28 11:22:48.875 [main] Steps - Enter Customers Email......
[INFO ] 2022-11-28 11:22:51.970 [main] Steps - Click on search button......
[INFO ] 2022-11-28 11:22:52.406 [main] Steps - Browser Closed......
[INFO ] 2022-11-28 11:22:53.604 [main] Steps - SetUp 1 log executed.........
[INFO ] 2022-11-28 11:22:53.607 [main] Steps - User Launch Chrome Browser.....
[INFO ] 2022-11-28 11:22:55.160 [main] Steps - Url Opened.........
[INFO ] 2022-11-28 11:22:55.475 [main] Steps - Entering Email Adress and Password.........
[INFO ] 2022-11-28 11:23:02.030 [main] Steps - Log in Button Click.........
[INFO ] 2022-11-28 11:23:05.052 [main] Steps - Login Feature : Page Title Match......
[INFO ] 2022-11-28 11:23:06.561 [main] Steps - User Click on logout link......
[INFO ] 2022-11-28 11:23:06.571 [main] Steps - Login Feature : Page Title Match......
[INFO ] 2022-11-28 11:23:06.863 [main] Steps - Browser Closed......
